user@node1:~$ head -50 /var/log/cadvisor.log 
I1222 12:54:43.343710   23104 storagedriver.go:50] Caching stats in memory for 2m0s
I1222 12:54:43.344187   23104 manager.go:149] cAdvisor running in container: "/sys/fs/cgroup/cpu,cpuacct/system.slice/cadvisor.service"
W1222 12:54:43.386507   23104 manager.go:157] unable to connect to Rkt api service: rkt: cannot tcp Dial rkt api service: dial tcp 127.0.0.1:15441: connect: connection refused
W1222 12:54:43.386760   23104 manager.go:166] unable to connect to CRI-O api service: Get http://%2Fvar%2Frun%2Fcrio.sock/info: dial unix /var/run/crio.sock: connect: no such file or directory
I1222 12:54:43.410167   23104 fs.go:139] Filesystem UUIDs: map[58A1-A55A:/dev/vda15 db153994-91fe-426f-bd88-f751e07f97f2:/dev/vda1]
I1222 12:54:43.410201   23104 fs.go:140] Filesystem partitions: map[tmpfs:{mountpoint:/run major:0 minor:25 fsType:tmpfs blockSize:0} /dev/vda1:{mountpoint:/ major:252 minor:1 fsType:ext4 blockSize:0}]
I1222 12:54:43.411783   23104 manager.go:216] Machine: {NumCores:1 CpuFrequency:2294608 MemoryCapacity:2084270080 HugePages:[{PageSize:2048 NumPages:0}] MachineID:2335ca7dd19ca93c633ff4e9658574a4 SystemUUID:d5670bc2-0077-4ee0-9c87-b887c2c30547 BootID:aff06fdc-f0f5-4caa-91d9-fea4a0b89cd2 Filesystems:[{Device:tmpfs DeviceMajor:0 DeviceMinor:25 Capacity:208429056 Type:vfs Inodes:254427 HasInodes:true} {Device:/dev/vda1 DeviceMajor:252 DeviceMinor:1 Capacity:51848359936 Type:vfs Inodes:6451200 HasInodes:true}] DiskMap:map[252:0:{Name:vda Major:252 Minor:0 Size:53687091200 Scheduler:mq-deadline}] NetworkDevices:[{Name:br-46803b37b3c1 MacAddress:02:42:86:f4:2f:c6 Speed:0 Mtu:1500} {Name:eth0 MacAddress:aa:44:fa:44:25:b8 Speed:-1 Mtu:1500} {Name:eth1 MacAddress:da:83:74:98:1b:2e Speed:-1 Mtu:1500}] Topology:[{Id:0 Memory:2084270080 Cores:[{Id:0 Threads:[0] Caches:[{Size:32768 Type:Data Level:1} {Size:32768 Type:Instruction Level:1} {Size:4194304 Type:Unified Level:2}]}] Caches:[]}] CloudProvider:Unknown InstanceType:Unknown InstanceID:None}
I1222 12:54:43.426078   23104 manager.go:222] Version: {KernelVersion:5.4.0-51-generic ContainerOsVersion:Ubuntu 20.04.1 LTS DockerVersion:24.0.7 DockerAPIVersion:1.43 CadvisorVersion: CadvisorRevision:}
W1222 12:54:43.434511   23104 manager.go:260] Docker container factory registration failed: failed to validate Docker info: docker found, but not using native exec driver.
W1222 12:54:43.434546   23104 manager.go:265] Registration of the rkt container factory failed: unable to communicate with Rkt api service: rkt: cannot tcp Dial rkt api service: dial tcp 127.0.0.1:15441: connect: connection refused
W1222 12:54:43.434682   23104 manager.go:276] Registration of the crio container factory failed: Get http://%2Fvar%2Frun%2Fcrio.sock/info: dial unix /var/run/crio.sock: connect: no such file or directory
I1222 12:54:43.434701   23104 factory.go:54] Registering systemd factory
I1222 12:54:43.435103   23104 factory.go:86] Registering Raw factory
I1222 12:54:43.435446   23104 manager.go:1140] Started watching for new ooms in manager
I1222 12:54:43.436095   23104 manager.go:311] Starting recovery of all containers
I1222 12:54:43.554538   23104 manager.go:316] Recovery completed
E1222 12:54:43.569006   23104 helpers.go:468] PercpuUsage had 0 cpus, but the actual number is 1; ignoring extra CPUs
E1222 12:54:43.582928   23104 helpers.go:468] PercpuUsage had 0 cpus, but the actual number is 1; ignoring extra CPUs
E1222 12:54:43.589690   23104 helpers.go:468] PercpuUsage had 0 cpus, but the actual number is 1; ignoring extra CPUs
E1222 12:54:43.592277   23104 helpers.go:468] PercpuUsage had 0 cpus, but the actual number is 1; ignoring extra CPUs
E1222 12:54:43.616281   23104 helpers.go:468] PercpuUsage had 0 cpus, but the actual number is 1; ignoring extra CPUs
E1222 12:54:43.624305   23104 helpers.go:468] PercpuUsage had 0 cpus, but the actual number is 1; ignoring extra CPUs
I1222 12:54:43.730908   23104 cadvisor.go:159] Starting cAdvisor version: - on port 4194
E1222 12:54:44.649528   23104 helpers.go:468] PercpuUsage had 0 cpus, but the actual number is 1; ignoring extra CPUs
E1222 12:54:44.725887   23104 helpers.go:468] PercpuUsage had 0 cpus, but the actual number is 1; ignoring extra CPUs
E1222 12:54:45.138545   23104 helpers.go:468] PercpuUsage had 0 cpus, but the actual number is 1; ignoring extra CPUs
E1222 12:54:45.270087   23104 helpers.go:468] PercpuUsage had 0 cpus, but the actual number is 1; ignoring extra CPUs
E1222 12:54:45.448966   23104 helpers.go:468] PercpuUsage had 0 cpus, but the actual number is 1; ignoring extra CPUs
E1222 12:54:45.544027   23104 helpers.go:468] PercpuUsage had 0 cpus, but the actual number is 1; ignoring extra CPUs
E1222 12:54:47.645623   23104 helpers.go:468] PercpuUsage had 0 cpus, but the actual number is 1; ignoring extra CPUs
E1222 12:54:47.894727   23104 helpers.go:468] PercpuUsage had 0 cpus, but the actual number is 1; ignoring extra CPUs
E1222 12:54:47.982069   23104 helpers.go:468] PercpuUsage had 0 cpus, but the actual number is 1; ignoring extra CPUs
E1222 12:54:48.189026   23104 helpers.go:468] PercpuUsage had 0 cpus, but the actual number is 1; ignoring extra CPUs
E1222 12:54:48.448186   23104 helpers.go:468] PercpuUsage had 0 cpus, but the actual number is 1; ignoring extra CPUs
E1222 12:54:48.643820   23104 helpers.go:468] PercpuUsage had 0 cpus, but the actual number is 1; ignoring extra CPUs
E1222 12:54:49.291529   23104 helpers.go:468] PercpuUsage had 0 cpus, but the actual number is 1; ignoring extra CPUs
E1222 12:54:50.060787   23104 helpers.go:468] PercpuUsage had 0 cpus, but the actual number is 1; ignoring extra CPUs
E1222 12:54:50.415624   23104 helpers.go:468] PercpuUsage had 0 cpus, but the actual number is 1; ignoring extra CPUs
E1222 12:54:51.830908   23104 helpers.go:468] PercpuUsage had 0 cpus, but the actual number is 1; ignoring extra CPUs
E1222 12:54:52.940895   23104 helpers.go:468] PercpuUsage had 0 cpus, but the actual number is 1; ignoring extra CPUs
E1222 12:54:53.776280   23104 helpers.go:468] PercpuUsage had 0 cpus, but the actual number is 1; ignoring extra CPUs
E1222 12:54:54.034735   23104 helpers.go:468] PercpuUsage had 0 cpus, but the actual number is 1; ignoring extra CPUs
E1222 12:54:54.805139   23104 helpers.go:468] PercpuUsage had 0 cpus, but the actual number is 1; ignoring extra CPUs
E1222 12:54:55.529646   23104 helpers.go:468] PercpuUsage had 0 cpus, but the actual number is 1; ignoring extra CPUs
E1222 12:54:55.725967   23104 helpers.go:468] PercpuUsage had 0 cpus, but the actual number is 1; ignoring extra CPUs
E1222 12:54:58.979772   23104 helpers.go:468] PercpuUsage had 0 cpus, but the actual number is 1; ignoring extra CPUs
E1222 12:55:00.053997   23104 helpers.go:468] PercpuUsage had 0 cpus, but the actual number is 1; ignoring extra CPUs
E1222 12:55:04.715519   23104 helpers.go:468] PercpuUsage had 0 cpus, but the actual number is 1; ignoring extra CPUs
E1222 12:55:05.297151   23104 helpers.go:468] PercpuUsage had 0 cpus, but the actual number is 1; ignoring extra CPUs
E1222 12:55:06.043806   23104 helpers.go:468] PercpuUsage had 0 cpus, but the actual number is 1; ignoring extra CPUs

user@node1:~$ sudo systemctl status cadvisor.service 
● cadvisor.service - cAdvisor
     Loaded: loaded (/lib/systemd/system/cadvisor.service; enabled; vendor preset: enabled)
     Active: active (running) since Fri 2023-12-22 12:54:43 UTC; 19min ago
       Docs: man:cadvisor
             https://github.com/google/cadvisor
   Main PID: 23104 (cadvisor)
      Tasks: 10 (limit: 2344)
     Memory: 37.9M
     CGroup: /system.slice/cadvisor.service
             └─23104 /usr/bin/cadvisor --docker=unix:///var/run/docker.sock --port=4194 --storage_driver= --storage_driver_host=localhost:8086 --storage_driver_password=root --storage_driver_secure=fals>
lines 1-10/10 (END)

